<?xml version="1.0" encoding="UTF-8"?>
<!-- Generated by org.testng.reporters.JUnitReportReporter -->
<testsuite hostname="Pranjal" failures="0" tests="3" name="project_file.Diagonistic" time="57.558" errors="0" timestamp="2020-11-05T17:20:54 IST" skipped="0">
  <testcase classname="project_file.Diagonistic" name="openURL" time="4.359"/>
  <system-out/>
  <testcase classname="project_file.Diagonistic" name="hospital" time="27.029"/>
  <system-out/>
  <testcase classname="project_file.Diagonistic" name="cities" time="26.170"/>
  <system-out/>
</testsuite> <!-- project_file.Diagonistic -->
