<?xml version="1.0" encoding="UTF-8"?>
<!-- Generated by org.testng.reporters.JUnitReportReporter -->
<testsuite hostname="Pranjal" failures="0" tests="1" name="driver_file.DriverSetup" time="4.146" errors="0" timestamp="2020-10-31T12:33:47 IST" skipped="0">
  <testcase classname="driver_file.DriverSetup" name="openURL" time="4.146"/>
  <system-out/>
</testsuite> <!-- driver_file.DriverSetup -->
