<?xml version="1.0" encoding="UTF-8"?>
<!-- Generated by org.testng.reporters.JUnitReportReporter -->
<testsuite hostname="Pranjal" failures="0" tests="2" name="project.hospital_hackthon" time="77.429" errors="0" timestamp="2020-10-23T17:11:25 IST" skipped="0">
  <testcase classname="project.hospital_hackthon" name="openURL" time="5.698"/>
  <system-out/>
  <testcase classname="project.hospital_hackthon" name="hospital" time="71.731"/>
  <system-out/>
</testsuite> <!-- project.hospital_hackthon -->
