<?xml version="1.0" encoding="UTF-8"?>
<!-- Generated by org.testng.reporters.JUnitReportReporter -->
<testsuite hostname="Pranjal" failures="0" tests="4" name="project.Diagonistic" time="105.981" errors="0" timestamp="2020-10-24T16:17:25 IST" skipped="0">
  <testcase classname="project.Diagonistic" name="openURL" time="7.083"/>
  <system-out/>
  <testcase classname="project.Diagonistic" name="hospital" time="80.370"/>
  <system-out/>
  <testcase classname="project.Diagonistic" name="cities" time="16.477"/>
  <system-out/>
  <testcase classname="project.Diagonistic" name="homepage" time="2.051"/>
  <system-out/>
</testsuite> <!-- project.Diagonistic -->
