<?xml version="1.0" encoding="UTF-8"?>
<!-- Generated by org.testng.reporters.JUnitReportReporter -->
<testsuite hostname="Pranjal" failures="0" tests="1" name="driver_setup_file.DriverSetup" time="5.348" errors="0" timestamp="2020-10-24T12:59:52 IST" skipped="0">
  <testcase classname="driver_setup_file.DriverSetup" name="openURL" time="5.348"/>
  <system-out/>
</testsuite> <!-- driver_setup_file.DriverSetup -->
