<?xml version="1.0" encoding="UTF-8"?>
<!-- Generated by org.testng.reporters.JUnitReportReporter -->
<testsuite hostname="Pranjal" failures="0" tests="4" name="project_file.Landing_Page" time="47.267" errors="0" timestamp="2020-11-03T11:20:20 IST" skipped="0">
  <testcase classname="project_file.Landing_Page" name="openURL" time="5.295"/>
  <system-out/>
  <testcase classname="project_file.Landing_Page" name="hospital" time="20.698"/>
  <system-out/>
  <testcase classname="project_file.Landing_Page" name="cities" time="12.794"/>
  <system-out/>
  <testcase classname="project_file.Landing_Page" name="visitCorporateWellnessPage" time="8.480"/>
  <system-out/>
</testsuite> <!-- project_file.Landing_Page -->
