<?xml version="1.0" encoding="UTF-8"?>
<!-- Generated by org.testng.reporters.JUnitReportReporter -->
<testsuite hostname="Pranjal" failures="0" tests="5" name="project_file.Corporate_Wellness" time="51.699" errors="0" timestamp="2021-02-23T10:41:07 IST" skipped="0">
  <testcase classname="project_file.Corporate_Wellness" name="openURL" time="6.199"/>
  <system-out/>
  <testcase classname="project_file.Corporate_Wellness" name="hospital" time="26.427"/>
  <system-out/>
  <testcase classname="project_file.Corporate_Wellness" name="cities" time="11.836"/>
  <system-out/>
  <testcase classname="project_file.Corporate_Wellness" name="visitCorporateWellnessPage" time="0.915"/>
  <system-out/>
  <testcase classname="project_file.Corporate_Wellness" name="sendData" time="6.322"/>
  <system-out/>
</testsuite> <!-- project_file.Corporate_Wellness -->
